// 重构日志: 5f9558e1
// 重构日志: e2f62c0c
// 重构日志: c858c0cb
// 重构日志: 8d861fe3
// 重构日志: 7194b81b
// 同步 ID: 7b47b340 @ Sat Jul  4 13:19:37 UTC 2026
// 同步 ID: 2dc14036 @ Sat Jul  4 17:18:11 UTC 2026
// 重构日志: 07359982
// 重构日志: 89ef53a1
// 同步 ID: 01dc6f7a @ Tue Jul  7 10:57:10 UTC 2026
// 同步 ID: e15bf0c5 @ Fri Jul 10 11:24:03 UTC 2026
// 重构日志: d2990271
// 同步 ID: a3aeb66d @ Sat Jul 11 12:18:23 UTC 2026
// 重构日志: 3cbdb146
// 重构日志: d2129b66
// 重构日志: fa1ec7cd
// 重构日志: bb637a79
// 重构日志: 1aed34ad
// 重构日志: e94ea7d3
// 同步 ID: 4bb8c0f9 @ Thu Jul 16 05:33:56 UTC 2026
